============================================================
--- Attempting to run scraper: bardOnTheBeachEvents.js ---
============================================================
Scraper 'Bard on the Beach' instantiated successfully. Running scrape()...
🔍 Starting Bard on the Beach events scraper...
Navigating to: https://bardonthebeach.org/special-events/
✅ Saved debug screenshot to bard-on-the-beach-debug.png
⚠️ Using estimated festival dates: 6/8/2025 to 9/30/2025
Looking for events with selector: .special-events .event
Looking for events with selector: .event-list .event
Looking for events with selector: .special-event-item
Looking for events with selector: .event-card
Looking for events with selector: .event-container
Looking for events with selector: .events-container article
Looking for events with selector: .event-listing
Looking for events with selector: .bard-event
Looking for events with selector: .wp-block-group
Looking for events with selector: .wp-block-columns
Looking for special event links...
Found 6 potential event links with selector: a[href*="event"]
Found potential event link: Special Events
✅ Added event from link: Special Events on 6/8/2025
Found potential event link: Special Events
✅ Added event from link: Special Events on 6/27/2025
Found potential event link: Bard Club
✅ Added event from link: Bard Club on 7/16/2025
Found potential event link: 2025 Stratford Trip
✅ Added event from link: 2025 Stratford Trip on 8/4/2025
Found potential event link: Relaxed Performance
✅ Added event from link: Relaxed Performance on 8/23/2025
Found potential event link: Bard Pride Day
✅ Added event from link: Bard Pride Day on 9/11/2025
🎉 Successfully scraped 6 events from Bard on the Beach

------------------------------------------------------------
✅ Scraper 'Bard on the Beach' finished successfully.
   Processed 6 events.
------------------------------------------------------------

Sample event: {
  "id": "bard-on-the-beach-special-events-2025-06-09",
  "title": "Special Events",
  "description": "Special Events - a special event by Bard on the Beach Shakespeare Festival in Vancouver's Vanier Park.",
  "startDate": "2025-06-09T02:30:00.000Z",
  "endDate": "2025-06-09T05:00:00.000Z",
  "venue": {
    "name": "Bard on the Beach",
    "id": "bard-on-the-beach",
    "address": "Vanier Park, 1695 Whyte Avenue",
    "city": "Vancouver",
    "state": "BC",
    "country": "Canada",
    "coordinates": {
      "lat": 49.2767,
      "lng": -123.1434
    },
    "websiteUrl": "https://bardonthebeach.org/",
    "description": "Bard on the Beach is Western Canada's largest professional Shakespeare festival, presented in modern theatre tents in a spectacular waterfront setting in Vancouver's Vanier Park."
  },
  "category": "theatre",
  "categories": [
    "theatre",
    "arts",
    "performance",
    "shakespeare",
    "festival"
  ],
  "sourceURL": "https://bardonthebeach.org/special-events/",
  "officialWebsite": "https://bardonthebeach.org/",
  "image": null,
  "ticketsRequired": true,
  "lastUpdated": "2025-07-15T18:31:37.201Z"
}
Results saved to /Users/seongwoohan/CascadeProjects/discovr-api-server/test-output/bardOnTheBeachEvents-results.json
