============================================================
--- Attempting to run scraper: irishHeather.js ---
============================================================
Scraper 'The Irish Heather' instantiated successfully. Running scrape()...
🔍 Starting The Irish Heather scraper...
✅ Added event: Traditional Irish Session on Sunday, July 6, 2025
✅ Added event: Whiskey Wednesday: Redbreast Tasting on Wednesday, July 16, 2025
✅ Added event: Pub Quiz Night on Tuesday, July 22, 2025
✅ Added event: Oyster & Guinness Festival on Saturday, August 2, 2025
✅ Added event: Long Table Dinner: Irish Harvest on Wednesday, August 13, 2025
🍺 Successfully created 5 Irish Heather events

------------------------------------------------------------
✅ Scraper 'The Irish Heather' finished successfully.
   Processed 5 events.
------------------------------------------------------------

Sample event: {
  "id": "irish-heather-traditional-irish-session-2025-07-07",
  "title": "Traditional Irish Session",
  "description": "Join us for our weekly Traditional Irish Music Session at The Irish Heather. Local musicians gather to play authentic Irish tunes in a casual, welcoming environment. From lively jigs and reels to soulful ballads, experience the rich musical heritage of Ireland while enjoying our selection of Irish whiskies and craft beers. Musicians of all skill levels are welcome to participate, and guests are encouraged to sing along.\n\nEVENT DETAILS:\nDate: Sunday, July 6, 2025\nTime: 6:00 PM - 9:00 PM\nRecurrence: Weekly on Sundays\nAge Restriction: All ages until 10 PM, 19+ after\nPrice: No cover\n\nLocation: The Irish Heather is located at 248 E Georgia St in Vancouver's Chinatown district.\n\nFor more information and reservations, please visit https://www.irishheather.com/ or call (604) 688-9779.",
  "startDate": "2025-07-07T01:00:00.000Z",
  "endDate": "2025-07-07T04:00:00.000Z",
  "venue": {
    "name": "The Irish Heather",
    "id": "irish-heather-vancouver",
    "address": "248 E Georgia St",
    "city": "Vancouver",
    "state": "BC",
    "country": "Canada",
    "postalCode": "V6A 1Z7",
    "coordinates": {
      "lat": 49.2789244,
      "lng": -123.0979366
    },
    "websiteUrl": "https://www.irishheather.com/",
    "description": "The Irish Heather is a beloved gastropub located in Vancouver's Chinatown, offering authentic Irish hospitality, an extensive whiskey selection, and traditional pub fare with a modern twist. A Vancouver institution since 1997, it provides a warm, inviting atmosphere with dark wood furnishings, a copper-topped bar, and Irish memorabilia decorating the walls. The pub is known for its community events, live music sessions, and whiskey tastings."
  },
  "category": "food and drink",
  "categories": [
    "pub",
    "irish",
    "gastropub",
    "food and drink",
    "music",
    "live music",
    "irish music",
    "traditional"
  ],
  "sourceURL": "https://www.irishheather.com/",
  "officialWebsite": "https://www.irishheather.com/events/trad-session/",
  "image": "https://www.irishheather.com/wp-content/uploads/2025/01/trad-session.jpg",
  "ticketsRequired": false,
  "lastUpdated": "2025-07-15T18:39:30.774Z"
}
Results saved to /Users/seongwoohan/CascadeProjects/discovr-api-server/test-output/irishHeather-results.json
