============================================================
--- Attempting to run scraper: laowaiBar.js ---
============================================================
Scraper 'Laowai Bar' instantiated successfully. Running scrape()...
🔍 Starting Laowai Bar scraper...
✅ Added event: Cocktail Masterclass: Chinese Spirits on Sunday, July 13, 2025
✅ Added event: Jazz in the Speakeasy on Sunday, July 20, 2025
✅ Added event: Baijiu Appreciation Society on Sunday, July 27, 2025
✅ Added event: Bartender Exchange: Hong Kong Edition on Sunday, August 3, 2025
✅ Added event: Mid-Autumn Festival Celebration on Sunday, August 10, 2025
🍸 Successfully created 5 Laowai Bar events

------------------------------------------------------------
✅ Scraper 'Laowai Bar' finished successfully.
   Processed 5 events.
------------------------------------------------------------

Sample event: {
  "id": "laowai-cocktail-masterclass-chinese-spirits-2025-07-13",
  "title": "Cocktail Masterclass: Chinese Spirits",
  "description": "Join Laowai's award-winning bar team for an exclusive masterclass exploring the world of Chinese spirits and cocktail techniques. This hands-on workshop will guide participants through the history, production methods, and unique characteristics of baijiu, Huangjiu, and other traditional Chinese spirits. Learn to craft three signature cocktails while enjoying paired dim sum bites.\n\nEVENT DETAILS:\nDate: Sunday, July 13, 2025\nTime: 2:00 PM - 4:00 PM\nAge Restriction: 19+\nPrice: $95\n\nLocation: Laowai is a hidden bar located inside BB's Grocery Store at 251 E Georgia St in Vancouver's Chinatown. Enter through the grocery store and look for the freezer door.\n\nReservations highly recommended. Please visit https://laowai.ca/ to secure your spot.",
  "startDate": "2025-07-13T21:00:00.000Z",
  "endDate": "2025-07-13T23:00:00.000Z",
  "venue": {
    "name": "Laowai",
    "id": "laowai-bar-vancouver",
    "address": "251 E Georgia St (Enter through BB's Grocery Store)",
    "city": "Vancouver",
    "state": "BC",
    "country": "Canada",
    "postalCode": "V6A 1Z6",
    "coordinates": {
      "lat": 49.2789553,
      "lng": -123.0982444
    },
    "websiteUrl": "https://laowai.ca/",
    "description": "Laowai is a hidden Chinese cocktail bar and dim sum restaurant concealed behind a cold tea store in Vancouver's Chinatown. Inspired by the speakeasies of 1930s Shanghai, this intimate venue features expertly crafted cocktails with Asian flavors, dim sum bites, and an atmosphere of mystery and sophistication. Access is through BB's Grocery Store with reservations highly recommended."
  },
  "category": "nightlife",
  "categories": [
    "nightlife",
    "bar",
    "speakeasy",
    "chinatown",
    "cocktails",
    "hidden bar",
    "workshop",
    "education",
    "mixology",
    "learning"
  ],
  "sourceURL": "https://laowai.ca/",
  "officialWebsite": "https://laowai.ca/events/cocktail-masterclass-july/",
  "image": "https://laowai.ca/wp-content/uploads/2025/05/masterclass.jpg",
  "ticketsRequired": true,
  "lastUpdated": "2025-07-15T18:40:49.389Z"
}
Results saved to /Users/seongwoohan/CascadeProjects/discovr-api-server/test-output/laowaiBar-results.json
