============================================================
--- Attempting to run scraper: pneFair.js ---
============================================================
Scraper 'PNE Fair' instantiated successfully. Running scrape()...
🔍 Starting PNE Fair 2025 scraper...
✅ Added event: PNE Fair 2025 - Fri, Aug 15
✅ Added event: PNE Fair 2025 - Sat, Aug 16
✅ Added event: PNE Fair 2025 - Mon, Aug 18
✅ Added event: PNE Fair 2025 - Tue, Aug 19
✅ Added event: PNE Fair 2025 - Wed, Aug 20
✅ Added event: PNE Fair 2025 - Thu, Aug 21
✅ Added event: PNE Fair 2025 - Fri, Aug 22
✅ Added event: PNE Fair 2025 - Sat, Aug 23
✅ Added event: PNE Fair 2025 - Mon, Aug 25
✅ Added event: PNE Fair 2025 - Tue, Aug 26
✅ Added event: PNE Fair 2025 - Wed, Aug 27
✅ Added event: PNE Fair 2025 - Thu, Aug 28
✅ Added event: PNE Fair 2025 - Fri, Aug 29
✅ Added event: PNE Fair 2025 - Sat, Aug 30
✅ Added event: PNE Fair 2025 - Sun, Aug 31
🎉 Successfully scraped 15 PNE Fair day events

------------------------------------------------------------
✅ Scraper 'PNE Fair' finished successfully.
   Processed 15 events.
------------------------------------------------------------

Sample event: {
  "id": "pne-fair-2025-08-16",
  "title": "PNE Fair 2025 - Fri, Aug 15",
  "description": "Join us for the PNE Fair on Friday, August 15! The Pacific National Exhibition (PNE) Fair is Vancouver's largest annual fair, combining agricultural showcases, entertainment, marketplace vendors, and family attractions. The fair features daily shows, exhibits, food vendors, a marketplace, and special events throughout its run. A beloved end-of-summer tradition, the PNE Fair offers something for every age with midway rides, games, live entertainment, and diverse food options.\n\nFeatured attractions and events today include:\n\n• SuperDogs Show - The President's Choice SuperDogs return with an all-new show featuring incredible canine athletes performing amazing stunts, relay races, and choreographed routines that showcase their agility, speed, and training. A family favorite that delights audiences of all ages multiple times daily. Located at Pacific Coliseum. Daily performances at 12:30pm, 3:00pm, and 6:30pm.\n\n• Farm Country - An educational and interactive agricultural showcase featuring livestock displays, 4-H competitions, and demonstrations that connect fairgoers with BC's agricultural heritage. See cows, pigs, goats, sheep, and other farm animals up close while learning about modern farming practices. Located at Livestock Building. Open daily from 11:00am to 10:00pm.\n\n• Marketplace - Browse hundreds of vendors offering unique products, innovations, crafts, and services. The Marketplace is a shopper's paradise with everything from kitchen gadgets and home decor to artisanal foods and wellness products. Located at Marketplace Buildings. Open daily from 11:00am to 11:00pm.\n\n• Craft Beer Fest - Sample craft beers from over 30 local breweries in this special tasting area for guests 19+. Featuring rotating taps, beer education sessions, and perfect pairings with fair food favorites. Located at Festival Park. Open daily from 12:00pm to 10:00pm.\n\n• Kidz Zone - A dedicated area for younger fairgoers featuring interactive games, family-friendly entertainment, arts and crafts, and kid-sized attractions. Includes daily performances by children's entertainers and character meet-and-greets. Located at Garden Auditorium. Open daily from 11:00am to 9:00pm.\n\n• Culinary Pavilion - Watch live cooking demonstrations from local chefs, participate in tastings, and learn new recipes and cooking techniques. The pavilion showcases BC's diverse culinary scene with a focus on seasonal ingredients and international cuisines. Located at BC Showcase Building. Demonstrations daily at 1:00pm, 3:00pm, 5:00pm, and 7:00pm.\n\nThe fair is open from 11:00am to 11:00pm. Tickets available online or at the gate.",
  "startDate": "2025-08-16T18:00:00.000Z",
  "endDate": "2025-08-17T06:00:00.000Z",
  "venue": {
    "name": "Hastings Park (PNE Fairgrounds)",
    "id": "hastings-park-pne",
    "address": "2901 E Hastings St",
    "city": "Vancouver",
    "state": "BC",
    "country": "Canada",
    "postalCode": "V5K 0A1",
    "coordinates": {
      "lat": 49.2827778,
      "lng": -123.0388889
    },
    "websiteUrl": "https://www.pne.ca/fair2025/",
    "description": "Hastings Park is home to the annual Pacific National Exhibition (PNE) Fair, a Vancouver tradition since 1910. The 114-acre site hosts various attractions including Playland amusement park, the Pacific Coliseum, livestock buildings, garden displays, and exhibition spaces that transform into a vibrant fairground during the annual summer fair."
  },
  "category": "festival",
  "categories": [
    "festival",
    "family",
    "fair",
    "food",
    "entertainment",
    "amusement-park"
  ],
  "sourceURL": "https://www.pne.ca/fair2025/",
  "officialWebsite": "https://www.pne.ca/fair2025/",
  "image": "https://www.pne.ca/wp-content/uploads/2024/05/PNEFair-Social-Share-1200x628-1.jpg",
  "recurring": null,
  "ticketsRequired": true,
  "ticketsUrl": "https://www.ticketleader.ca/events/detail/pnefair2025",
  "lastUpdated": "2025-07-15T18:43:13.761Z"
}
Results saved to /Users/seongwoohan/CascadeProjects/discovr-api-server/test-output/pneFair-results.json
