============================================================
--- Attempting to run scraper: pneSummerNightConcerts.js ---
============================================================
Scraper 'PNE Summer Night Concerts' instantiated successfully. Running scrape()...
🔍 Starting PNE Summer Night Concerts scraper...
✅ Added concert: Counting Crows - PNE Summer Night Concert on 8/16/2025
✅ Added concert: Lynyrd Skynyrd - PNE Summer Night Concert on 8/17/2025
✅ Added concert: Bleachers - PNE Summer Night Concert on 8/19/2025
✅ Added concert: Gipsy Kings feat. Nicolas Reyes - PNE Summer Night Concert on 8/20/2025
✅ Added concert: To Be Announced - PNE Summer Night Concert on 8/21/2025
✅ Added concert: Flo Rida - PNE Summer Night Concert on 8/22/2025
✅ Added concert: Leon Bridges - PNE Summer Night Concert on 8/23/2025
✅ Added concert: Marianas Trench - PNE Summer Night Concert on 8/24/2025
✅ Added concert: Sean Paul - PNE Summer Night Concert on 8/26/2025
✅ Added concert: Wilco - PNE Summer Night Concert on 8/27/2025
✅ Added concert: Foreigner - PNE Summer Night Concert on 8/28/2025
✅ Added concert: Tom Cochrane - PNE Summer Night Concert on 8/29/2025
✅ Added concert: Meghan Trainor - PNE Summer Night Concert on 8/30/2025
✅ Added concert: To Be Announced - PNE Summer Night Concert on 8/31/2025
✅ Added concert: Rainbow Kitten Surprise - PNE Summer Night Concert on 9/1/2025
🎉 Successfully scraped 15 PNE Summer Night Concerts

------------------------------------------------------------
✅ Scraper 'PNE Summer Night Concerts' finished successfully.
   Processed 15 events.
------------------------------------------------------------

Sample event: {
  "id": "pne-concert-2025-08-16-counting-crows",
  "title": "Counting Crows - PNE Summer Night Concert",
  "description": "American rock band Counting Crows brings their distinctive sound and hit songs like 'Mr. Jones,' 'Round Here,' and 'A Long December' to the PNE Summer Night Concerts. Known for their energetic live performances, the band delivers a perfect mix of their classic hits and newer material.",
  "startDate": "2025-08-17T02:30:00.000Z",
  "endDate": "2025-08-17T05:00:00.000Z",
  "venue": {
    "name": "Pacific Coliseum at the PNE",
    "id": "pacific-coliseum-pne",
    "address": "2901 E Hastings St",
    "city": "Vancouver",
    "state": "BC",
    "country": "Canada",
    "postalCode": "V5K 0A1",
    "coordinates": {
      "lat": 49.2846974,
      "lng": -123.0356767
    },
    "websiteUrl": "https://www.pne.ca/snc/",
    "description": "The Pacific Coliseum is an indoor arena located at Hastings Park in Vancouver, British Columbia. It is the largest venue at the Pacific National Exhibition (PNE) and hosts concerts, sporting events, and other large-scale entertainment during the annual PNE Fair. With a seating capacity of over 15,000, it provides a spacious venue for the popular Summer Night Concerts series that runs during the Fair."
  },
  "category": "music",
  "categories": [
    "music",
    "concert",
    "live-music",
    "pne-fair"
  ],
  "sourceURL": "https://www.pne.ca/snc/",
  "officialWebsite": "https://www.pne.ca/snc/",
  "image": "https://www.pne.ca/wp-content/uploads/2024/05/SNC2025-Web-Banner-1200x628-1.jpg",
  "recurring": null,
  "ticketsRequired": true,
  "ticketsUrl": "https://www.ticketleader.ca/events/detail/snc2025",
  "lastUpdated": "2025-07-15T18:43:14.807Z"
}
Results saved to /Users/seongwoohan/CascadeProjects/discovr-api-server/test-output/pneSummerNightConcerts-results.json
