============================================================
--- Attempting to run scraper: vancouverJazzFestival.js ---
============================================================
Scraper 'Vancouver International Jazz Festival' instantiated successfully. Running scrape()...
🔍 Starting Vancouver International Jazz Festival scraper...
✅ Added event: Opening Night Gala: Kamasi Washington on Friday, June 20, 2025
✅ Added event: Brazilian Jazz Night: Eliane Elias Trio on Sunday, June 22, 2025
✅ Added event: Downtown Jazz Series: The Bad Plus on Wednesday, June 25, 2025
✅ Added event: Free Outdoor Concert: Dawn Pemberton Soul Revue on Saturday, June 28, 2025
✅ Added event: Late Night Jazz: Makaya McCraven Quintet on Monday, June 30, 2025
✅ Added event: Jazz Masters Series: Ron Carter Quartet on Tuesday, July 1, 2025
✅ Added event: Closing Night: Cécile McLorin Salvant on Saturday, July 5, 2025
🎷 Successfully created 7 Vancouver Jazz Festival events

------------------------------------------------------------
✅ Scraper 'Vancouver International Jazz Festival' finished successfully.
   Processed 7 events.
------------------------------------------------------------

Sample event: {
  "id": "jazz-festival-opening-night-gala-kamasi-washington-2025-06-21",
  "title": "Opening Night Gala: Kamasi Washington",
  "description": "The Vancouver International Jazz Festival kicks off with a spectacular opening night featuring groundbreaking saxophone titan Kamasi Washington. Known for his expansive compositions and spiritual approach to music, Washington has revolutionized modern jazz with his epic recordings and collaborations with artists ranging from Kendrick Lamar to Herbie Hancock. His large ensemble delivers a transcendent musical experience that blends elements of spiritual jazz, funk, hip-hop, and classical music into a unique cosmic sound. Don't miss this triumphant festival opener showcasing one of the most significant voices in contemporary jazz.\n\nEVENT DETAILS:\nDate: Friday, June 20, 2025\nTime: 8:00 PM - 10:30 PM\nVenue: The Vogue Theatre, 918 Granville St, Vancouver\nPrice: $55-$75\nTickets: Required, available through the Vancouver Jazz Festival website or box office\nPerformers: Kamasi Washington and his ensemble\n\nThis event is part of the 2025 Vancouver International Jazz Festival. For more information and the complete festival schedule, visit https://www.coastaljazz.ca/",
  "startDate": "2025-06-21T03:00:00.000Z",
  "endDate": "2025-06-21T05:30:00.000Z",
  "venue": {
    "name": "The Vogue Theatre",
    "id": "vogue-theatre-vancouver",
    "address": "918 Granville St",
    "city": "Vancouver",
    "state": "BC",
    "country": "Canada",
    "postalCode": "V6Z 1L2",
    "coordinates": {
      "lat": 49.2807,
      "lng": -123.1194
    },
    "websiteUrl": "https://www.coastaljazz.ca/",
    "description": "The Vogue Theatre is a historic art deco venue in downtown Vancouver, known for its excellent acoustics and elegant atmosphere."
  },
  "category": "music",
  "categories": [
    "jazz",
    "music",
    "festival",
    "live music",
    "concert",
    "contemporary jazz",
    "modern jazz",
    "fusion"
  ],
  "sourceURL": "https://www.coastaljazz.ca/",
  "officialWebsite": "https://www.coastaljazz.ca/event/kamasi-washington/",
  "image": "https://www.coastaljazz.ca/wp-content/uploads/2025/04/kamasi-washington-2025.jpg",
  "ticketsRequired": true,
  "lastUpdated": "2025-07-15T18:50:56.210Z"
}
Results saved to /Users/seongwoohan/CascadeProjects/discovr-api-server/test-output/vancouverJazzFestival-results.json
