============================================================
--- Attempting to run scraper: commodoreBallroomEvents.fixed.js ---
============================================================
Scraper 'undefined' instantiated successfully. Running scrape()...
🔍 Scraping events from The Commodore Ballroom via Ticketmaster API...
Saved API response to commodore-ticketmaster-response.json
Found 100 events from Ticketmaster API
Processing event: "Club Level Seating: Volbeat", Date text: "2025-07-18T01:00:00Z"
Processing event: "VOLBEAT Greatest of All Tours Worldwide with Special Guest Halestorm", Date text: "2025-07-18T01:00:00Z"
Processing event: "Volbeat & Halestorm - Suites", Date text: "2025-07-18T01:00:00Z"
Processing event: "Club Level Seating: Jason Aldean", Date text: "2025-07-26T01:30:00Z"
Processing event: "Jason Aldean: Full Throttle Tour 2025", Date text: "2025-07-26T01:30:00Z"
Processing event: "Jason Aldean - Suites", Date text: "2025-07-26T01:30:00Z"
Processing event: "Disney Descendants/Zombies: Worlds Collide Tour", Date text: "2025-07-29T01:00:00Z"
Processing event: "Club Level Seating: Disney Descendants/zombies", Date text: "2025-07-29T01:00:00Z"
Processing event: "Disney Descendants/Zombies - Suites", Date text: "2025-07-29T01:00:00Z"
Processing event: "GHOST: Skeletour World Tour 2025 ", Date text: "2025-08-08T02:00:00Z"
Processing event: "Club Level Seating: GHOST", Date text: "2025-08-08T02:00:00Z"
Processing event: "Ghost - Suites", Date text: "2025-08-08T02:00:00Z"
Processing event: "Club Level Seating: Hot Wheels", Date text: "2025-08-09T18:30:00Z"
Processing event: "Hot Wheels Monster Trucks Live Glow-N-Fire", Date text: "2025-08-09T18:30:00Z"
Processing event: "Hot Wheels - Suites -12:30pm", Date text: "2025-08-09T18:30:00Z"
Processing event: "Club Level Seating: Hot Wheels", Date text: "2025-08-10T01:30:00Z"
Processing event: "Hot Wheels Monster Trucks Live Glow-N-Fire", Date text: "2025-08-10T01:30:00Z"
Processing event: "Hot Wheels - Suites -7:30PM", Date text: "2025-08-10T01:30:00Z"
Processing event: "Club Level Seating: Hot Wheels", Date text: "2025-08-10T20:30:00Z"
Processing event: "Hot Wheels Monster Trucks Live Glow-N-Fire", Date text: "2025-08-10T20:30:00Z"
Processing event: "Hot Wheels - Suites", Date text: "2025-08-10T20:30:00Z"
Processing event: "Club Level Seating: Shinedown", Date text: "2025-08-13T01:00:00Z"
Processing event: "Shinedown: Dance, Kid, Dance", Date text: "2025-08-13T01:00:00Z"
Processing event: "Shinedown - Suites", Date text: "2025-08-13T01:00:00Z"
Processing event: "Club Level Seating: Nine Inch Nails", Date text: "2025-08-16T01:30:00Z"
Processing event: "Nine Inch Nails - Peel It Back Tour 2025", Date text: "2025-08-16T01:30:00Z"
Processing event: "Nine Inch Nails - Suites", Date text: "2025-08-16T01:30:00Z"
Processing event: "Club Level Seating: Lainey Wilson", Date text: "2025-08-17T01:00:00Z"
Processing event: "Lainey Wilson: Whirlwind World Tour", Date text: "2025-08-17T01:00:00Z"
Processing event: "Lainey WIlson - Suites", Date text: "2025-08-17T01:00:00Z"
Processing event: "2024-25 Denver Nuggets Deposit", Date text: "2025-08-17T02:00:00Z"
Processing event: "Club Level Seating: $uicideboy$", Date text: "2025-08-20T00:30:00Z"
Processing event: "$uicideboy$ present Grey Day Tour 2025 w. Night Lovell & more", Date text: "2025-08-20T00:30:00Z"
Processing event: "$uicideboy$ - Suites", Date text: "2025-08-20T00:30:00Z"
Processing event: "$uicideboy$ present Grey Day Tour 2025 w. Night Lovell & more", Date text: "2025-08-21T00:30:00Z"
Processing event: "Club Level Seating: $uicideboy$", Date text: "2025-08-21T00:30:00Z"
Processing event: "$uicideboy$ - Suites", Date text: "2025-08-21T00:30:00Z"
Processing event: "24-25 Avalanche Deposit Event", Date text: "2025-08-22T02:00:00Z"
Processing event: "Chris Stapleton's All-American Road Show", Date text: "2025-08-23T01:30:00Z"
Processing event: "Club Level Seating: Chris Stapleton", Date text: "2025-08-23T01:30:00Z"
Processing event: "Chris Stapleton - Suites", Date text: "2025-08-23T01:30:00Z"
Processing event: "Club Level Seating: Chris Stapleton", Date text: "2025-08-24T01:30:00Z"
Processing event: "Chris Stapleton's All-American Road Show", Date text: "2025-08-24T01:30:00Z"
Processing event: "Chris Stapleton - Suites", Date text: "2025-08-24T01:30:00Z"
Processing event: "24-25 Avalanche Partial Deposit Event", Date text: "2025-08-30T02:00:00Z"
Processing event: "Ball Suites (Concerts) - Master", Date text: "2025-09-01T02:00:00Z"
Processing event: "Ball Suites (Nug) - Pricing", Date text: "2025-09-01T02:00:00Z"
Processing event: "Ball Suites (Avs) - Pricing", Date text: "2025-09-01T02:00:00Z"
Processing event: "Club Level Seating: Linkin Park", Date text: "2025-09-04T01:30:00Z"
Processing event: "LINKIN PARK: From Zero World Tour - 2025", Date text: "2025-09-04T01:30:00Z"
Processing event: "Linkin Park - Suites", Date text: "2025-09-04T01:30:00Z"
Processing event: "Club Level Seating: The Offspring", Date text: "2025-09-08T01:00:00Z"
Processing event: "The Offspring: SUPERCHARGED Worldwide in '25", Date text: "2025-09-08T01:00:00Z"
Processing event: "The Offspring - Suites", Date text: "2025-09-08T01:00:00Z"
Processing event: "Nate Bargatze: Big Dumb Eyes World Tour", Date text: "2025-09-13T01:00:00Z"
Processing event: "Club Level Seating: Nate Bargatze", Date text: "2025-09-13T01:00:00Z"
Processing event: "Nate Bargatze - Suites", Date text: "2025-09-13T01:00:00Z"
Processing event: "Nate Bargatze: Big Dumb Eyes World Tour", Date text: "2025-09-13T21:00:00Z"
Processing event: "Club Level Seating: Nate Bargatze", Date text: "2025-09-13T21:00:00Z"
Processing event: "Nate Bargatze - Suites- 3pm", Date text: "2025-09-13T21:00:00Z"
Processing event: "Nate Bargatze: Big Dumb Eyes World Tour", Date text: "2025-09-14T01:00:00Z"
Processing event: "Club Level Seating: Nate Bargatze", Date text: "2025-09-14T01:00:00Z"
Processing event: "Nate Bargatze - Suites", Date text: "2025-09-14T01:00:00Z"
Processing event: "Deftones - North American Tour 2025", Date text: "2025-09-16T01:00:00Z"
Processing event: "Club Level Seating: Deftones", Date text: "2025-09-16T01:00:00Z"
Processing event: "Deftones - Suites", Date text: "2025-09-16T01:00:00Z"
Processing event: "Club Level Seating: Ice Cube", Date text: "2025-09-17T02:00:00Z"
Processing event: "Ice Cube: Truth to Power - Four Decades of Attitude", Date text: "2025-09-17T02:00:00Z"
Processing event: "Ice Cube - Suites", Date text: "2025-09-17T02:00:00Z"
Processing event: "Club Level Seating: NBA YoungBoy", Date text: "2025-09-18T01:30:00Z"
Processing event: "NBA YoungBoy - MASA TOUR", Date text: "2025-09-18T01:30:00Z"
Processing event: "NBA YoungBoy - Suites", Date text: "2025-09-18T01:30:00Z"
Processing event: "Club Level Seating: Tate McRae", Date text: "2025-09-21T01:30:00Z"
Processing event: "Tate McRae: Miss Possessive Tour", Date text: "2025-09-21T01:30:00Z"
Processing event: "Tate McRae - Suites", Date text: "2025-09-21T01:30:00Z"
Processing event: "Colorado Avalanche vs Utah Mammoth", Date text: "2025-09-22T01:00:00Z"
Processing event: "Club Level Seating: Benson Boone", Date text: "2025-09-23T02:00:00Z"
Processing event: "Benson Boone: American Heart World Tour", Date text: "2025-09-23T02:00:00Z"
Processing event: "Benson Boone - Suites", Date text: "2025-09-23T02:00:00Z"
Processing event: "Kali Uchis - The Sincerely, Tour", Date text: "2025-09-26T02:00:00Z"
Processing event: "Club Level Seating: Kali Uchis", Date text: "2025-09-26T02:00:00Z"
Processing event: "Kali Uchis - Suites", Date text: "2025-09-26T02:00:00Z"
Processing event: "Colorado Avalanche vs Dallas Stars", Date text: "2025-09-27T23:00:00Z"
Processing event: "Club Level Seating: Bring Me The Horizon", Date text: "2025-09-30T00:00:00Z"
Processing event: "Bring Me The Horizon - USA Ascension Program Part 01", Date text: "2025-09-30T00:00:00Z"
Processing event: "Bring Me The Horizon - Suites", Date text: "2025-09-30T00:00:00Z"
Processing event: "Colorado Avalanche vs Vegas Golden Knights", Date text: "2025-10-01T00:00:00Z"
Processing event: "The World Of Hans Zimmer - A New Dimension", Date text: "2025-10-02T01:30:00Z"
Processing event: "Club Level Seating: The World Of Hans Zimmer", Date text: "2025-10-02T01:30:00Z"
Processing event: "Hans Zimmer - Suites", Date text: "2025-10-02T01:30:00Z"
Processing event: "Jonas Brothers: JONAS20 Greetings From Your Hometown", Date text: "2025-10-03T01:30:00Z"
Processing event: "Club Level Seating: Jonas Brothers", Date text: "2025-10-03T01:30:00Z"
Processing event: "Jonas Brothers - Suites", Date text: "2025-10-03T01:30:00Z"
Processing event: "Club Level Seating: Sleep Token", Date text: "2025-10-04T02:00:00Z"
Processing event: "Sleep Token: Even in Arcadia", Date text: "2025-10-04T02:00:00Z"
Processing event: "Sleep Token - Suites", Date text: "2025-10-04T02:00:00Z"
Processing event: "Colorado Avalanche vs Utah Mammoth", Date text: "2025-10-10T01:00:00Z"
Processing event: "Colorado Avalanche vs Dallas Stars", Date text: "2025-10-12T01:00:00Z"
Processing event: "Colorado Avalanche vs Boston Bruins", Date text: "2025-10-19T01:00:00Z"
Processing event: "Colorado Avalanche vs Carolina Hurricanes", Date text: "2025-10-24T01:00:00Z"
Successfully processed 100 events from Commodore Ballroom

------------------------------------------------------------
✅ Scraper 'undefined' finished successfully.
   Processed 100 events.
------------------------------------------------------------

Sample event: {
  "title": "Club Level Seating: Volbeat",
  "startDate": "2025-07-18T01:00:00.000Z",
  "endDate": "2025-07-18T01:00:00.000Z",
  "url": "https://www.ticketmaster.com/club-level-seating-volbeat-denver-colorado-07-17-2025/event/1E00626ACF9D248C",
  "imageUrl": "https://s1.ticketm.net/dam/a/1c5/37ace517-0b1b-4c46-b17e-6d77f6dcb1c5_EVENT_DETAIL_PAGE_16_9.jpg",
  "venue": "Commodore Ballroom",
  "organizer": "Live Nation",
  "address": "868 Granville St, Vancouver, BC V6Z 1K3",
  "slug": "club-level-seating-volbeat",
  "city": "vancouver",
  "source": "commodore-ballroom"
}
Results saved to /Users/seongwoohan/CascadeProjects/discovr-api-server/test-output/commodoreBallroomEvents.fixed-results.json
