============================================================
--- Attempting to run scraper: festivalDEteEvents.js ---
============================================================
Scraper 'Festival d'Été - Le Centre Culturel' instantiated successfully. Running scrape()...
🔍 Starting Festival d'Été events scraper...
Navigating to: https://www.lecentreculturel.com/en/festival-d-ete
✅ Saved debug screenshot to festival-d-ete-debug.png
Checking for festival dates in: 
⚠️ Using estimated festival dates: 6/15/2025 to 8/15/2025
Looking for events with selector: .event-card
Looking for events with selector: .event-list .event
Looking for events with selector: .event-container
Looking for events with selector: .festival-event
Looking for events with selector: .program-item
Looking for events with selector: .schedules .event
Looking for events with selector: article.event
Looking for events with selector: .event-block
Looking for events with selector: .programation .event
Looking for events with selector: .event-wrapper
Looking for text/link elements that might describe events...
Found 4 potential event text elements with selector: a[href*="event"], a[href*="concert"], a[href*="spectacle"]
Found potential event text: SPECTACLES
✅ Added event from text: SPECTACLES on 6/15/2025
Found potential event text: Nouvelle Scene shows
✅ Added event from text: Nouvelle Scene shows on 6/16/2025
Found potential event text: SPECTACLES
✅ Added event from text: SPECTACLES on 6/17/2025
Found potential event text: Nouvelle Scene shows
✅ Added event from text: Nouvelle Scene shows on 6/18/2025
🎉 Successfully scraped 4 events from Festival d'Été

------------------------------------------------------------
✅ Scraper 'Festival d'Été - Le Centre Culturel' finished successfully.
   Processed 4 events.
------------------------------------------------------------

Sample event: {
  "id": "festival-d-ete-spectacles-2025-06-16",
  "title": "SPECTACLES",
  "description": "Festival d'Été event at Le Centre Culturel Francophone de Vancouver, celebrating French culture and arts.",
  "startDate": "2025-06-16T02:00:00.000Z",
  "endDate": "2025-06-16T04:00:00.000Z",
  "venue": {
    "name": "Le Centre Culturel Francophone de Vancouver",
    "id": "le-centre-culturel-vancouver",
    "address": "1551 West 7th Avenue",
    "city": "Vancouver",
    "state": "BC",
    "country": "Canada",
    "coordinates": {
      "lat": 49.2652,
      "lng": -123.1392
    },
    "websiteUrl": "https://www.lecentreculturel.com/",
    "description": "Le Centre Culturel Francophone de Vancouver is a cultural center promoting French language and culture through events, performances, and festivals."
  },
  "category": "cultural",
  "categories": [
    "cultural",
    "french",
    "festival",
    "music",
    "arts"
  ],
  "sourceURL": "https://www.lecentreculturel.com/en/spectacles",
  "officialWebsite": "https://www.lecentreculturel.com/en/festival-d-ete",
  "image": null,
  "ticketsRequired": true,
  "lastUpdated": "2025-07-15T16:03:54.804Z"
}
Results saved to /Users/seongwoohan/CascadeProjects/discovr-api-server/test-output/festivalDEteEvents-results.json
