============================================================
--- Attempting to run scraper: moaUbcEvents.js ---
============================================================
Scraper 'Museum of Anthropology Events' instantiated successfully. Running scrape()...
Starting Museum of Anthropology Events scraper...
Navigating to https://moa.ubc.ca/exhibitions-events/
Extracting Museum of Anthropology events...
Found 2 Museum of Anthropology events
Museum of Anthropology Events scraper finished

------------------------------------------------------------
✅ Scraper 'Museum of Anthropology Events' finished successfully.
   Processed 2 events.
------------------------------------------------------------

Sample event: {
  "id": "memories-of-the-sun-cultural-reflections-on-light-memory-renewal-2025-07-15",
  "title": "Memories of the Sun: Cultural Reflections on Light, Memory + Renewal",
  "description": "",
  "startDate": "2025-07-15T16:11:30.140Z",
  "endDate": "2025-07-15T16:11:30.140Z",
  "image": "https://moa.ubc.ca/wp-content/uploads/2025/07/Sun-Event-MOA-Photo--150x150.jpg",
  "venue": {
    "name": "Museum of Anthropology at UBC",
    "address": "6393 NW Marine Dr, Vancouver, BC V6T 1Z2",
    "city": "Vancouver",
    "province": "BC",
    "country": "Canada",
    "coordinates": {
      "lat": 49.2695,
      "lng": -123.2593
    }
  },
  "categories": [
    "Museum",
    "Art",
    "Culture",
    "Indigenous",
    "Education"
  ],
  "sourceURL": "https://moa.ubc.ca/exhibitions-events/",
  "lastUpdated": "2025-07-15T16:11:30.142Z"
}
Results saved to /Users/seongwoohan/CascadeProjects/discovr-api-server/test-output/moaUbcEvents-results.json
